<?xml version="1.0" encoding="UTF-8"?>
<!-- Generated by org.testng.reporters.JUnitXMLReporter -->
<testsuite ignored="0" hostname="DESKTOP-6NU7MHK" failures="1" tests="1" name="Test1_firefox" time="33.359" errors="0" timestamp="2023-06-23T14:18:42 IST">
  <testcase classname="Mudule1_LoginTest.PBLoginTest" name="verifyFullName" time="6.575">
    <failure type="java.lang.AssertionError" message="Failed:both result are not same expected [Gaurav@8382] but found [gaurav katkam]">
      <![CDATA[java.lang.AssertionError: Failed:both result are not same expected [Gaurav@8382] but found [gaurav katkam]
at Mudule1_LoginTest.PBLoginTest.verifyFullName(PBLoginTest.java:73)
at java.base/java.util.ArrayList.forEach(ArrayList.java:1541)
at java.base/java.util.concurrent.FutureTask.run(FutureTask.java:264)
at java.base/java.util.concurrent.ThreadPoolExecutor.runWorker(ThreadPoolExecutor.java:1128)
at java.base/java.util.concurrent.ThreadPoolExecutor$Worker.run(ThreadPoolExecutor.java:628)
at java.base/java.lang.Thread.run(Thread.java:834)
... Removed 23 stack frames]]>
    </failure>
  </testcase> <!-- verifyFullName -->
</testsuite> <!-- Test1_firefox -->
